2024-05-22 05:53:26,735 - INFO - 已经存在haley-911-sept-10.json文件
2024-05-22 05:53:26,735 - INFO - 已经存在israel-aid-gaza-moldova.json文件
2024-05-22 05:53:26,736 - INFO - 已经存在swift-trump-won-grammys.json文件
2024-05-22 05:53:26,736 - INFO - 已经存在video-scuba-diver-swimming-dinosaur.json文件
2024-05-22 05:53:26,736 - INFO - 已经存在biden-nibble-girl-finland.json文件
2024-05-22 05:53:26,736 - INFO - 已经存在texas-mexico-border-tanks.json文件
2024-05-22 05:53:26,736 - INFO - 已经存在trump-911-inside-job.json文件
2024-05-22 05:53:26,736 - INFO - 已经存在kim-jong-un-watching-volleyball.json文件
2024-05-22 05:53:26,736 - INFO - 已经存在taylor-swift-buffalo-bills.json文件
2024-05-22 05:53:26,736 - INFO - 已经存在ice-helix-polar-vortex-video.json文件
2024-05-22 05:53:26,736 - INFO - 已经存在miami-plane-fire-after-takeoff-video.json文件
2024-05-22 05:53:26,736 - INFO - 已经存在meryl-streep-at-beatles-concert.json文件
2024-05-22 05:53:26,736 - INFO - 已经存在michael-moore-supports-trump.json文件
2024-05-22 05:53:26,736 - INFO - 已经存在us-cargo-ship-houthi-missile.json文件
2024-05-22 05:53:26,736 - INFO - 已经存在palestinian-baby-dolls-israel.json文件
2024-05-22 05:53:26,736 - INFO - 已经存在video-woman-attacked-paranormal-forces.json文件
2024-05-22 05:53:26,736 - INFO - 已经存在biden-border-fence-2007.json文件
2024-05-22 05:53:26,736 - INFO - 已经存在italy-nazi-rally.json文件
2024-05-22 05:53:26,736 - INFO - 已经存在god-made-trump-video.json文件
2024-05-22 05:53:26,736 - INFO - 已经存在jo-koy-taylor-swift.json文件
2024-05-22 05:53:26,736 - INFO - 已经存在young-girls-epsteins-island.json文件
2024-05-22 05:53:26,736 - INFO - 已经存在trump-perry-school-shooting.json文件
2024-05-22 05:53:26,736 - INFO - 已经存在putin-mcgregor-warning.json文件
2024-05-22 05:53:26,736 - INFO - 已经存在kim-putin-toast.json文件
2024-05-22 05:53:26,737 - INFO - 已经存在bill-clinton-hospitalized-epstein.json文件
2024-05-22 05:53:26,737 - INFO - 已经存在amy-schumer-falling-down-stairs.json文件
2024-05-22 05:53:26,737 - INFO - 已经存在haiti-cannibalism-video.json文件
